2025-01-16 13:55:35,063 - ERROR - Ошибка при загрузке модели: [Errno 2] No such file or directory: 'camerafould\\bestyolo.pt'. Cache may be out of date, try `force_reload=True` or see https://docs.ultralytics.com/yolov5/tutorials/pytorch_hub_model_loading for help.
2025-01-16 13:59:58,659 - ERROR - Ошибка при загрузке модели: [Errno 2] No such file or directory: 'camerafould\\bestyolo.pt'. Cache may be out of date, try `force_reload=True` or see https://docs.ultralytics.com/yolov5/tutorials/pytorch_hub_model_loading for help.
2025-01-16 14:05:37,223 - ERROR - Ошибка при загрузке модели: [Errno 2] No such file or directory: 'MODEL_PATH.pt'. Cache may be out of date, try `force_reload=True` or see https://docs.ultralytics.com/yolov5/tutorials/pytorch_hub_model_loading for help.
2025-01-16 14:10:10,673 - ERROR - Ошибка при загрузке модели: cannot instantiate 'PosixPath' on your system. Cache may be out of date, try `force_reload=True` or see https://docs.ultralytics.com/yolov5/tutorials/pytorch_hub_model_loading for help.
2025-01-16 14:12:06,067 - ERROR - Ошибка при загрузке модели: cannot instantiate 'PosixPath' on your system. Cache may be out of date, try `force_reload=True` or see https://docs.ultralytics.com/yolov5/tutorials/pytorch_hub_model_loading for help.
2025-01-16 14:16:18,832 - ERROR - Ошибка при загрузке модели: cannot instantiate 'PosixPath' on your system. Cache may be out of date, try `force_reload=True` or see https://docs.ultralytics.com/yolov5/tutorials/pytorch_hub_model_loading for help.
2025-01-16 14:22:03,002 - ERROR - Ошибка при загрузке модели: cannot instantiate 'PosixPath' on your system. Cache may be out of date, try `force_reload=True` or see https://docs.ultralytics.com/yolov5/tutorials/pytorch_hub_model_loading for help.
2025-01-16 14:23:42,401 - ERROR - Ошибка при загрузке модели: cannot instantiate 'PosixPath' on your system. Cache may be out of date, try `force_reload=True` or see https://docs.ultralytics.com/yolov5/tutorials/pytorch_hub_model_loading for help.
2025-01-16 14:25:57,779 - ERROR - Ошибка при загрузке модели: cannot instantiate 'PosixPath' on your system. Cache may be out of date, try `force_reload=True` or see https://docs.ultralytics.com/yolov5/tutorials/pytorch_hub_model_loading for help.
2025-01-16 14:27:06,179 - ERROR - Ошибка при загрузке модели: cannot instantiate 'PosixPath' on your system. Cache may be out of date, try `force_reload=True` or see https://docs.ultralytics.com/yolov5/tutorials/pytorch_hub_model_loading for help.
2025-01-16 14:28:37,276 - ERROR - Ошибка при загрузке модели: cannot instantiate 'PosixPath' on your system. Cache may be out of date, try `force_reload=True` or see https://docs.ultralytics.com/yolov5/tutorials/pytorch_hub_model_loading for help.
2025-01-16 14:29:39,763 - ERROR - Ошибка при загрузке модели: No module named 'models'
2025-01-16 14:35:47,039 - ERROR - Ошибка при загрузке модели: cannot instantiate 'PosixPath' on your system. Cache may be out of date, try `force_reload=True` or see https://docs.ultralytics.com/yolov5/tutorials/pytorch_hub_model_loading for help.
2025-01-16 14:38:02,076 - ERROR - Ошибка при загрузке модели: cannot instantiate 'PosixPath' on your system. Cache may be out of date, try `force_reload=True` or see https://docs.ultralytics.com/yolov5/tutorials/pytorch_hub_model_loading for help.
2025-01-16 14:39:24,308 - ERROR - Ошибка при загрузке модели: cannot instantiate 'PosixPath' on your system. Cache may be out of date, try `force_reload=True` or see https://docs.ultralytics.com/yolov5/tutorials/pytorch_hub_model_loading for help.
2025-01-16 14:40:03,142 - ERROR - Ошибка при загрузке модели: cannot instantiate 'PosixPath' on your system. Cache may be out of date, try `force_reload=True` or see https://docs.ultralytics.com/yolov5/tutorials/pytorch_hub_model_loading for help.
2025-01-16 14:42:09,613 - ERROR - Ошибка при загрузке модели: cannot instantiate 'PosixPath' on your system. Cache may be out of date, try `force_reload=True` or see https://docs.ultralytics.com/yolov5/tutorials/pytorch_hub_model_loading for help.
2025-01-16 14:43:22,213 - ERROR - Ошибка при загрузке модели: cannot instantiate 'PosixPath' on your system. Cache may be out of date, try `force_reload=True` or see https://docs.ultralytics.com/yolov5/tutorials/pytorch_hub_model_loading for help.
2025-04-19 13:36:45,041 - ERROR - РћС€РёР±РєР° РїСЂРё Р·Р°РіСЂСѓР·РєРµ РјРѕРґРµР»Рё: [Errno 2] No such file or directory: 'camerafould/bestyolo.pt'. Cache may be out of date, try `force_reload=True` or see https://docs.ultralytics.com/yolov5/tutorials/pytorch_hub_model_loading for help.
2025-04-19 13:37:36,977 - ERROR - РћС€РёР±РєР° РїСЂРё Р·Р°РіСЂСѓР·РєРµ РјРѕРґРµР»Рё: [Errno 2] No such file or directory: 'camerafould/bestyolo.pt'. Cache may be out of date, try `force_reload=True` or see https://docs.ultralytics.com/yolov5/tutorials/pytorch_hub_model_loading for help.
2025-04-19 13:38:24,487 - INFO - РњРѕРґРµР»СЊ СѓСЃРїРµС€РЅРѕ Р·Р°РіСЂСѓР¶РµРЅР° РЅР° СѓСЃС‚СЂРѕР№СЃС‚РІРѕ: cpu
2025-04-19 13:38:24,491 - ERROR - РќРµ СѓРґР°Р»РѕСЃСЊ РѕС‚РєСЂС‹С‚СЊ РєР°РјРµСЂСѓ. РџСЂРѕРІРµСЂСЊС‚Рµ РїРѕРґРєР»СЋС‡РµРЅРёРµ.
2025-04-19 13:40:50,992 - INFO - РњРѕРґРµР»СЊ СѓСЃРїРµС€РЅРѕ Р·Р°РіСЂСѓР¶РµРЅР° РЅР° СѓСЃС‚СЂРѕР№СЃС‚РІРѕ: cpu
2025-04-19 13:40:51,104 - ERROR - РќРµ СѓРґР°Р»РѕСЃСЊ РѕС‚РєСЂС‹С‚СЊ РєР°РјРµСЂСѓ.
2025-04-19 13:44:03,245 - INFO - РњРѕРґРµР»СЊ СѓСЃРїРµС€РЅРѕ Р·Р°РіСЂСѓР¶РµРЅР° РЅР° СѓСЃС‚СЂРѕР№СЃС‚РІРѕ: cpu
2025-04-19 13:52:31,418 - ERROR - РќРµ СѓРґР°Р»РѕСЃСЊ РѕС‚РєСЂС‹С‚СЊ РєР°РјРµСЂСѓ. РџСЂРѕРІРµСЂСЊС‚Рµ РїРѕРґРєР»СЋС‡РµРЅРёРµ.
2025-04-19 13:52:44,051 - INFO - РњРѕРґРµР»СЊ СѓСЃРїРµС€РЅРѕ Р·Р°РіСЂСѓР¶РµРЅР° РЅР° СѓСЃС‚СЂРѕР№СЃС‚РІРѕ: cpu
2025-04-19 13:52:44,287 - ERROR - РќРµ СѓРґР°Р»РѕСЃСЊ РѕС‚РєСЂС‹С‚СЊ РєР°РјРµСЂСѓ. РџСЂРѕРІРµСЂСЊС‚Рµ РїРѕРґРєР»СЋС‡РµРЅРёРµ.
2025-04-19 13:52:58,019 - INFO - РњРѕРґРµР»СЊ СѓСЃРїРµС€РЅРѕ Р·Р°РіСЂСѓР¶РµРЅР° РЅР° СѓСЃС‚СЂРѕР№СЃС‚РІРѕ: cpu
2025-04-19 13:53:58,656 - INFO - HTTP Request: POST https://api.telegram.org/bot7680528919:AAGmb6gQJVJhVT8inRDCnbV7razhA_RYe4g/sendMessage "HTTP/1.1 200 OK"
2025-04-19 13:53:59,943 - INFO - HTTP Request: POST https://api.telegram.org/bot7680528919:AAGmb6gQJVJhVT8inRDCnbV7razhA_RYe4g/sendPhoto "HTTP/1.1 200 OK"
2025-04-19 13:53:59,945 - INFO - РЈРІРµРґРѕРјР»РµРЅРёРµ РѕС‚РїСЂР°РІР»РµРЅРѕ РІ Telegram.
2025-04-19 13:54:04,571 - INFO - РџСЂРѕРіСЂР°РјРјР° Р·Р°РІРµСЂС€РµРЅР°.
2025-04-19 13:54:12,637 - INFO - РњРѕРґРµР»СЊ СѓСЃРїРµС€РЅРѕ Р·Р°РіСЂСѓР¶РµРЅР° РЅР° СѓСЃС‚СЂРѕР№СЃС‚РІРѕ: cpu
2025-04-19 13:57:09,039 - INFO - HTTP Request: POST https://api.telegram.org/bot7680528919:AAGmb6gQJVJhVT8inRDCnbV7razhA_RYe4g/sendMessage "HTTP/1.1 200 OK"
2025-04-19 13:57:12,793 - INFO - HTTP Request: POST https://api.telegram.org/bot7680528919:AAGmb6gQJVJhVT8inRDCnbV7razhA_RYe4g/sendPhoto "HTTP/1.1 200 OK"
2025-04-19 13:57:12,795 - INFO - РЈРІРµРґРѕРјР»РµРЅРёРµ РѕС‚РїСЂР°РІР»РµРЅРѕ РІ Telegram.
2025-04-19 13:58:28,987 - INFO - РџСЂРѕРіСЂР°РјРјР° Р·Р°РІРµСЂС€РµРЅР°.
2025-04-19 13:58:37,998 - INFO - РњРѕРґРµР»СЊ СѓСЃРїРµС€РЅРѕ Р·Р°РіСЂСѓР¶РµРЅР° РЅР° СѓСЃС‚СЂРѕР№СЃС‚РІРѕ: cpu
2025-04-19 14:00:36,652 - INFO - HTTP Request: POST https://api.telegram.org/bot7680528919:AAGmb6gQJVJhVT8inRDCnbV7razhA_RYe4g/sendMessage "HTTP/1.1 200 OK"
2025-04-19 14:00:41,954 - INFO - HTTP Request: POST https://api.telegram.org/bot7680528919:AAGmb6gQJVJhVT8inRDCnbV7razhA_RYe4g/sendPhoto "HTTP/1.1 200 OK"
2025-04-19 14:00:41,956 - INFO - РЈРІРµРґРѕРјР»РµРЅРёРµ РѕС‚РїСЂР°РІР»РµРЅРѕ РІ Telegram.
2025-04-19 14:03:10,251 - INFO - HTTP Request: POST https://api.telegram.org/bot7680528919:AAGmb6gQJVJhVT8inRDCnbV7razhA_RYe4g/sendMessage "HTTP/1.1 200 OK"
2025-04-19 14:03:11,242 - INFO - HTTP Request: POST https://api.telegram.org/bot7680528919:AAGmb6gQJVJhVT8inRDCnbV7razhA_RYe4g/sendPhoto "HTTP/1.1 200 OK"
2025-04-19 14:03:11,244 - INFO - РЈРІРµРґРѕРјР»РµРЅРёРµ РѕС‚РїСЂР°РІР»РµРЅРѕ РІ Telegram.
2025-04-19 14:03:44,722 - INFO - HTTP Request: POST https://api.telegram.org/bot7680528919:AAGmb6gQJVJhVT8inRDCnbV7razhA_RYe4g/sendMessage "HTTP/1.1 200 OK"
2025-04-19 14:03:45,581 - INFO - HTTP Request: POST https://api.telegram.org/bot7680528919:AAGmb6gQJVJhVT8inRDCnbV7razhA_RYe4g/sendPhoto "HTTP/1.1 200 OK"
2025-04-19 14:03:45,583 - INFO - РЈРІРµРґРѕРјР»РµРЅРёРµ РѕС‚РїСЂР°РІР»РµРЅРѕ РІ Telegram.
2025-04-19 14:03:58,839 - INFO - HTTP Request: POST https://api.telegram.org/bot7680528919:AAGmb6gQJVJhVT8inRDCnbV7razhA_RYe4g/sendMessage "HTTP/1.1 200 OK"
2025-04-19 14:03:59,925 - INFO - HTTP Request: POST https://api.telegram.org/bot7680528919:AAGmb6gQJVJhVT8inRDCnbV7razhA_RYe4g/sendPhoto "HTTP/1.1 200 OK"
2025-04-19 14:03:59,926 - INFO - РЈРІРµРґРѕРјР»РµРЅРёРµ РѕС‚РїСЂР°РІР»РµРЅРѕ РІ Telegram.
2025-04-19 14:05:31,280 - INFO - РџСЂРѕРіСЂР°РјРјР° Р·Р°РІРµСЂС€РµРЅР°.
2025-04-19 14:05:52,025 - INFO - РњРѕРґРµР»СЊ СѓСЃРїРµС€РЅРѕ Р·Р°РіСЂСѓР¶РµРЅР° РЅР° СѓСЃС‚СЂРѕР№СЃС‚РІРѕ: cpu
2025-04-19 14:06:50,455 - INFO - РџСЂРѕРіСЂР°РјРјР° Р·Р°РІРµСЂС€РµРЅР°.
2025-04-19 14:11:56,396 - INFO - РњРѕРґРµР»СЊ СѓСЃРїРµС€РЅРѕ Р·Р°РіСЂСѓР¶РµРЅР° РЅР° СѓСЃС‚СЂРѕР№СЃС‚РІРѕ: cpu
2025-04-19 14:14:19,305 - INFO - HTTP Request: POST https://api.telegram.org/bot7680528919:AAGmb6gQJVJhVT8inRDCnbV7razhA_RYe4g/sendMessage "HTTP/1.1 200 OK"
2025-04-19 14:14:20,054 - INFO - HTTP Request: POST https://api.telegram.org/bot7680528919:AAGmb6gQJVJhVT8inRDCnbV7razhA_RYe4g/sendPhoto "HTTP/1.1 200 OK"
2025-04-19 14:14:20,056 - INFO - РЈРІРµРґРѕРјР»РµРЅРёРµ РѕС‚РїСЂР°РІР»РµРЅРѕ РІ Telegram.
2025-04-19 14:14:29,113 - INFO - РџСЂРѕРіСЂР°РјРјР° Р·Р°РІРµСЂС€РµРЅР°.
2025-04-19 15:08:31,991 - INFO - РњРѕРґРµР»СЊ СѓСЃРїРµС€РЅРѕ Р·Р°РіСЂСѓР¶РµРЅР° РЅР° СѓСЃС‚СЂРѕР№СЃС‚РІРѕ: cpu
2025-04-19 15:08:40,774 - INFO - HTTP Request: POST https://api.telegram.org/bot7680528919:AAGmb6gQJVJhVT8inRDCnbV7razhA_RYe4g/sendMessage "HTTP/1.1 200 OK"
2025-04-19 15:08:41,021 - INFO - HTTP Request: POST https://api.telegram.org/bot7680528919:AAGmb6gQJVJhVT8inRDCnbV7razhA_RYe4g/sendPhoto "HTTP/1.1 200 OK"
2025-04-19 15:08:41,023 - INFO - РЈРІРµРґРѕРјР»РµРЅРёРµ РѕС‚РїСЂР°РІР»РµРЅРѕ РІ Telegram.
2025-04-19 15:08:58,294 - ERROR - РћС€РёР±РєР° РїСЂРё РїРѕРґРєР»СЋС‡РµРЅРёРё Рє ESP32-CAM: HTTPConnectionPool(host='192.168.100.252', port=80): Read timed out. (read timeout=5)
2025-04-19 15:08:58,294 - ERROR - РќРµ СѓРґР°Р»РѕСЃСЊ РїРѕР»СѓС‡РёС‚СЊ РєР°РґСЂ СЃ ESP32-CAM. РџРѕРІС‚РѕСЂРЅР°СЏ РїРѕРїС‹С‚РєР° С‡РµСЂРµР· 5 СЃРµРєСѓРЅРґ...
2025-04-19 15:09:08,307 - ERROR - РћС€РёР±РєР° РїСЂРё РїРѕРґРєР»СЋС‡РµРЅРёРё Рє ESP32-CAM: HTTPConnectionPool(host='192.168.100.252', port=80): Max retries exceeded with url: /capture (Caused by ConnectTimeoutError(<urllib3.connection.HTTPConnection object at 0x7bad128a4560>, 'Connection to 192.168.100.252 timed out. (connect timeout=5)'))
2025-04-19 15:09:08,307 - ERROR - РќРµ СѓРґР°Р»РѕСЃСЊ РїРѕР»СѓС‡РёС‚СЊ РєР°РґСЂ СЃ ESP32-CAM. РџРѕРІС‚РѕСЂРЅР°СЏ РїРѕРїС‹С‚РєР° С‡РµСЂРµР· 5 СЃРµРєСѓРЅРґ...
2025-04-19 15:09:16,670 - INFO - HTTP Request: POST https://api.telegram.org/bot7680528919:AAGmb6gQJVJhVT8inRDCnbV7razhA_RYe4g/sendMessage "HTTP/1.1 200 OK"
2025-04-19 15:09:16,889 - INFO - HTTP Request: POST https://api.telegram.org/bot7680528919:AAGmb6gQJVJhVT8inRDCnbV7razhA_RYe4g/sendPhoto "HTTP/1.1 200 OK"
2025-04-19 15:09:16,891 - INFO - РЈРІРµРґРѕРјР»РµРЅРёРµ РѕС‚РїСЂР°РІР»РµРЅРѕ РІ Telegram.
2025-04-19 15:09:26,822 - ERROR - РћС€РёР±РєР° РїСЂРё РїРѕРґРєР»СЋС‡РµРЅРёРё Рє ESP32-CAM: HTTPConnectionPool(host='192.168.100.252', port=80): Read timed out.
2025-04-19 15:09:26,822 - ERROR - РќРµ СѓРґР°Р»РѕСЃСЊ РїРѕР»СѓС‡РёС‚СЊ РєР°РґСЂ СЃ ESP32-CAM. РџРѕРІС‚РѕСЂРЅР°СЏ РїРѕРїС‹С‚РєР° С‡РµСЂРµР· 5 СЃРµРєСѓРЅРґ...
2025-04-19 15:09:52,684 - INFO - HTTP Request: POST https://api.telegram.org/bot7680528919:AAGmb6gQJVJhVT8inRDCnbV7razhA_RYe4g/sendMessage "HTTP/1.1 200 OK"
2025-04-19 15:09:52,971 - INFO - HTTP Request: POST https://api.telegram.org/bot7680528919:AAGmb6gQJVJhVT8inRDCnbV7razhA_RYe4g/sendPhoto "HTTP/1.1 200 OK"
2025-04-19 15:09:52,972 - INFO - РЈРІРµРґРѕРјР»РµРЅРёРµ РѕС‚РїСЂР°РІР»РµРЅРѕ РІ Telegram.
2025-04-19 15:10:09,245 - INFO - HTTP Request: POST https://api.telegram.org/bot7680528919:AAGmb6gQJVJhVT8inRDCnbV7razhA_RYe4g/sendMessage "HTTP/1.1 200 OK"
2025-04-19 15:10:09,448 - INFO - HTTP Request: POST https://api.telegram.org/bot7680528919:AAGmb6gQJVJhVT8inRDCnbV7razhA_RYe4g/sendPhoto "HTTP/1.1 200 OK"
2025-04-19 15:10:09,449 - INFO - РЈРІРµРґРѕРјР»РµРЅРёРµ РѕС‚РїСЂР°РІР»РµРЅРѕ РІ Telegram.
2025-04-19 15:10:20,413 - INFO - HTTP Request: POST https://api.telegram.org/bot7680528919:AAGmb6gQJVJhVT8inRDCnbV7razhA_RYe4g/sendMessage "HTTP/1.1 200 OK"
2025-04-19 15:10:20,647 - INFO - HTTP Request: POST https://api.telegram.org/bot7680528919:AAGmb6gQJVJhVT8inRDCnbV7razhA_RYe4g/sendPhoto "HTTP/1.1 200 OK"
2025-04-19 15:10:20,648 - INFO - РЈРІРµРґРѕРјР»РµРЅРёРµ РѕС‚РїСЂР°РІР»РµРЅРѕ РІ Telegram.
2025-04-19 15:10:39,598 - ERROR - РћС€РёР±РєР° РїСЂРё РїРѕРґРєР»СЋС‡РµРЅРёРё Рє ESP32-CAM: HTTPConnectionPool(host='192.168.100.252', port=80): Read timed out.
2025-04-19 15:10:39,598 - ERROR - РќРµ СѓРґР°Р»РѕСЃСЊ РїРѕР»СѓС‡РёС‚СЊ РєР°РґСЂ СЃ ESP32-CAM. РџРѕРІС‚РѕСЂРЅР°СЏ РїРѕРїС‹С‚РєР° С‡РµСЂРµР· 5 СЃРµРєСѓРЅРґ...
2025-04-19 15:10:49,614 - ERROR - РћС€РёР±РєР° РїСЂРё РїРѕРґРєР»СЋС‡РµРЅРёРё Рє ESP32-CAM: HTTPConnectionPool(host='192.168.100.252', port=80): Max retries exceeded with url: /capture (Caused by ConnectTimeoutError(<urllib3.connection.HTTPConnection object at 0x7bad1e6c8530>, 'Connection to 192.168.100.252 timed out. (connect timeout=5)'))
2025-04-19 15:10:49,614 - ERROR - РќРµ СѓРґР°Р»РѕСЃСЊ РїРѕР»СѓС‡РёС‚СЊ РєР°РґСЂ СЃ ESP32-CAM. РџРѕРІС‚РѕСЂРЅР°СЏ РїРѕРїС‹С‚РєР° С‡РµСЂРµР· 5 СЃРµРєСѓРЅРґ...
2025-04-19 15:10:59,629 - ERROR - РћС€РёР±РєР° РїСЂРё РїРѕРґРєР»СЋС‡РµРЅРёРё Рє ESP32-CAM: HTTPConnectionPool(host='192.168.100.252', port=80): Max retries exceeded with url: /capture (Caused by ConnectTimeoutError(<urllib3.connection.HTTPConnection object at 0x7bad0235aba0>, 'Connection to 192.168.100.252 timed out. (connect timeout=5)'))
2025-04-19 15:10:59,629 - ERROR - РќРµ СѓРґР°Р»РѕСЃСЊ РїРѕР»СѓС‡РёС‚СЊ РєР°РґСЂ СЃ ESP32-CAM. РџРѕРІС‚РѕСЂРЅР°СЏ РїРѕРїС‹С‚РєР° С‡РµСЂРµР· 5 СЃРµРєСѓРЅРґ...
2025-04-19 15:11:09,643 - ERROR - РћС€РёР±РєР° РїСЂРё РїРѕРґРєР»СЋС‡РµРЅРёРё Рє ESP32-CAM: HTTPConnectionPool(host='192.168.100.252', port=80): Max retries exceeded with url: /capture (Caused by ConnectTimeoutError(<urllib3.connection.HTTPConnection object at 0x7bad19bd0b60>, 'Connection to 192.168.100.252 timed out. (connect timeout=5)'))
2025-04-19 15:11:09,644 - ERROR - РќРµ СѓРґР°Р»РѕСЃСЊ РїРѕР»СѓС‡РёС‚СЊ РєР°РґСЂ СЃ ESP32-CAM. РџРѕРІС‚РѕСЂРЅР°СЏ РїРѕРїС‹С‚РєР° С‡РµСЂРµР· 5 СЃРµРєСѓРЅРґ...
2025-04-19 15:12:03,456 - INFO - РњРѕРґРµР»СЊ СѓСЃРїРµС€РЅРѕ Р·Р°РіСЂСѓР¶РµРЅР° РЅР° СѓСЃС‚СЂРѕР№СЃС‚РІРѕ: cpu
2025-04-19 15:12:03,513 - ERROR - РћС€РёР±РєР° РїСЂРё РїРѕРґРєР»СЋС‡РµРЅРёРё Рє ESP32-CAM: HTTPConnectionPool(host='192.168.100.252', port=80): Max retries exceeded with url: /capture (Caused by NewConnectionError('<urllib3.connection.HTTPConnection object at 0x7c62fb347b60>: Failed to establish a new connection: [Errno 111] Connection refused'))
2025-04-19 15:12:03,513 - ERROR - РќРµ СѓРґР°Р»РѕСЃСЊ РїРѕР»СѓС‡РёС‚СЊ РєР°РґСЂ СЃ ESP32-CAM. РџРѕРІС‚РѕСЂРЅР°СЏ РїРѕРїС‹С‚РєР° С‡РµСЂРµР· 5 СЃРµРєСѓРЅРґ...
2025-04-19 15:12:09,149 - INFO - HTTP Request: POST https://api.telegram.org/bot7680528919:AAGmb6gQJVJhVT8inRDCnbV7razhA_RYe4g/sendMessage "HTTP/1.1 200 OK"
2025-04-19 15:12:09,443 - INFO - HTTP Request: POST https://api.telegram.org/bot7680528919:AAGmb6gQJVJhVT8inRDCnbV7razhA_RYe4g/sendPhoto "HTTP/1.1 200 OK"
2025-04-19 15:12:09,445 - INFO - РЈРІРµРґРѕРјР»РµРЅРёРµ РѕС‚РїСЂР°РІР»РµРЅРѕ РІ Telegram.
2025-04-19 15:12:49,825 - INFO - HTTP Request: POST https://api.telegram.org/bot7680528919:AAGmb6gQJVJhVT8inRDCnbV7razhA_RYe4g/sendMessage "HTTP/1.1 200 OK"
2025-04-19 15:12:50,116 - INFO - HTTP Request: POST https://api.telegram.org/bot7680528919:AAGmb6gQJVJhVT8inRDCnbV7razhA_RYe4g/sendPhoto "HTTP/1.1 200 OK"
2025-04-19 15:12:50,118 - INFO - РЈРІРµРґРѕРјР»РµРЅРёРµ РѕС‚РїСЂР°РІР»РµРЅРѕ РІ Telegram.
2025-04-19 15:13:38,577 - ERROR - РћС€РёР±РєР° РїСЂРё РїРѕРґРєР»СЋС‡РµРЅРёРё Рє ESP32-CAM: HTTPConnectionPool(host='192.168.100.252', port=80): Read timed out.
2025-04-19 15:13:38,578 - ERROR - РќРµ СѓРґР°Р»РѕСЃСЊ РїРѕР»СѓС‡РёС‚СЊ РєР°РґСЂ СЃ ESP32-CAM. РџРѕРІС‚РѕСЂРЅР°СЏ РїРѕРїС‹С‚РєР° С‡РµСЂРµР· 5 СЃРµРєСѓРЅРґ...
2025-04-19 15:13:48,594 - ERROR - РћС€РёР±РєР° РїСЂРё РїРѕРґРєР»СЋС‡РµРЅРёРё Рє ESP32-CAM: HTTPConnectionPool(host='192.168.100.252', port=80): Max retries exceeded with url: /capture (Caused by ConnectTimeoutError(<urllib3.connection.HTTPConnection object at 0x7c62fb07af00>, 'Connection to 192.168.100.252 timed out. (connect timeout=5)'))
2025-04-19 15:13:48,594 - ERROR - РќРµ СѓРґР°Р»РѕСЃСЊ РїРѕР»СѓС‡РёС‚СЊ РєР°РґСЂ СЃ ESP32-CAM. РџРѕРІС‚РѕСЂРЅР°СЏ РїРѕРїС‹С‚РєР° С‡РµСЂРµР· 5 СЃРµРєСѓРЅРґ...
2025-04-19 15:13:58,609 - ERROR - РћС€РёР±РєР° РїСЂРё РїРѕРґРєР»СЋС‡РµРЅРёРё Рє ESP32-CAM: HTTPConnectionPool(host='192.168.100.252', port=80): Max retries exceeded with url: /capture (Caused by ConnectTimeoutError(<urllib3.connection.HTTPConnection object at 0x7c62fb090c50>, 'Connection to 192.168.100.252 timed out. (connect timeout=5)'))
2025-04-19 15:13:58,609 - ERROR - РќРµ СѓРґР°Р»РѕСЃСЊ РїРѕР»СѓС‡РёС‚СЊ РєР°РґСЂ СЃ ESP32-CAM. РџРѕРІС‚РѕСЂРЅР°СЏ РїРѕРїС‹С‚РєР° С‡РµСЂРµР· 5 СЃРµРєСѓРЅРґ...
2025-04-19 15:15:29,833 - INFO - РњРѕРґРµР»СЊ СѓСЃРїРµС€РЅРѕ Р·Р°РіСЂСѓР¶РµРЅР° РЅР° СѓСЃС‚СЂРѕР№СЃС‚РІРѕ: cpu
2025-04-19 15:15:32,317 - INFO - HTTP Request: POST https://api.telegram.org/bot7680528919:AAGmb6gQJVJhVT8inRDCnbV7razhA_RYe4g/sendMessage "HTTP/1.1 200 OK"
2025-04-19 15:15:32,676 - INFO - HTTP Request: POST https://api.telegram.org/bot7680528919:AAGmb6gQJVJhVT8inRDCnbV7razhA_RYe4g/sendPhoto "HTTP/1.1 200 OK"
2025-04-19 15:15:32,678 - INFO - РЈРІРµРґРѕРјР»РµРЅРёРµ РѕС‚РїСЂР°РІР»РµРЅРѕ РІ Telegram.
2025-04-19 15:16:13,073 - INFO - РџСЂРѕРіСЂР°РјРјР° Р·Р°РІРµСЂС€РµРЅР°.
2025-04-19 15:16:19,603 - INFO - РњРѕРґРµР»СЊ СѓСЃРїРµС€РЅРѕ Р·Р°РіСЂСѓР¶РµРЅР° РЅР° СѓСЃС‚СЂРѕР№СЃС‚РІРѕ: cpu
2025-04-19 15:16:20,426 - INFO - HTTP Request: POST https://api.telegram.org/bot7680528919:AAGmb6gQJVJhVT8inRDCnbV7razhA_RYe4g/sendMessage "HTTP/1.1 200 OK"
2025-04-19 15:16:20,640 - INFO - HTTP Request: POST https://api.telegram.org/bot7680528919:AAGmb6gQJVJhVT8inRDCnbV7razhA_RYe4g/sendPhoto "HTTP/1.1 200 OK"
2025-04-19 15:16:20,642 - INFO - РЈРІРµРґРѕРјР»РµРЅРёРµ РѕС‚РїСЂР°РІР»РµРЅРѕ РІ Telegram.
2025-04-19 15:18:12,988 - INFO - РџСЂРѕРіСЂР°РјРјР° Р·Р°РІРµСЂС€РµРЅР°.
2025-04-19 15:19:00,411 - INFO - РњРѕРґРµР»СЊ СѓСЃРїРµС€РЅРѕ Р·Р°РіСЂСѓР¶РµРЅР° РЅР° СѓСЃС‚СЂРѕР№СЃС‚РІРѕ: cpu
2025-04-19 15:19:33,960 - INFO - РџСЂРѕРіСЂР°РјРјР° Р·Р°РІРµСЂС€РµРЅР°.
